<?xml version="1.0" encoding="UTF-8"?>
<testsuite xmlns:xsi="http://www.w3.org/2001/XMLSchema-instance" xsi:noNamespaceSchemaLocation="https://maven.apache.org/surefire/maven-surefire-plugin/xsd/surefire-test-report.xsd" name="com.johnlyon.blog.JohnlyonblogApplicationTests" time="5.365" tests="1" errors="0" skipped="0" failures="0">
  <properties>
    <property name="socksProxyHost" value="127.0.0.1"/>
    <property name="http.proxyHost" value="127.0.0.1"/>
    <property name="java.specification.version" value="20"/>
    <property name="sun.jnu.encoding" value="UTF-8"/>
    <property name="java.class.path" value="/Users/liangzhanbo/Desktop/JohnLyon/johnlyon-server/blog/target/test-classes:/Users/liangzhanbo/Desktop/JohnLyon/johnlyon-server/blog/target/classes:/Users/liangzhanbo/Documents/LocalRepository/org/springframework/boot/spring-boot-starter-web/2.7.0/spring-boot-starter-web-2.7.0.jar:/Users/liangzhanbo/Documents/LocalRepository/org/springframework/boot/spring-boot-starter/2.7.0/spring-boot-starter-2.7.0.jar:/Users/liangzhanbo/Documents/LocalRepository/org/springframework/boot/spring-boot/2.7.0/spring-boot-2.7.0.jar:/Users/liangzhanbo/Documents/LocalRepository/org/springframework/boot/spring-boot-starter-logging/2.7.0/spring-boot-starter-logging-2.7.0.jar:/Users/liangzhanbo/Documents/LocalRepository/ch/qos/logback/logback-classic/1.2.11/logback-classic-1.2.11.jar:/Users/liangzhanbo/Documents/LocalRepository/ch/qos/logback/logback-core/1.2.11/logback-core-1.2.11.jar:/Users/liangzhanbo/Documents/LocalRepository/org/apache/logging/log4j/log4j-to-slf4j/2.17.2/log4j-to-slf4j-2.17.2.jar:/Users/liangzhanbo/Documents/LocalRepository/org/apache/logging/log4j/log4j-api/2.17.2/log4j-api-2.17.2.jar:/Users/liangzhanbo/Documents/LocalRepository/org/slf4j/jul-to-slf4j/1.7.36/jul-to-slf4j-1.7.36.jar:/Users/liangzhanbo/Documents/LocalRepository/jakarta/annotation/jakarta.annotation-api/1.3.5/jakarta.annotation-api-1.3.5.jar:/Users/liangzhanbo/Documents/LocalRepository/org/yaml/snakeyaml/1.30/snakeyaml-1.30.jar:/Users/liangzhanbo/Documents/LocalRepository/org/springframework/boot/spring-boot-starter-json/2.7.0/spring-boot-starter-json-2.7.0.jar:/Users/liangzhanbo/Documents/LocalRepository/com/fasterxml/jackson/core/jackson-databind/2.13.3/jackson-databind-2.13.3.jar:/Users/liangzhanbo/Documents/LocalRepository/com/fasterxml/jackson/core/jackson-annotations/2.13.3/jackson-annotations-2.13.3.jar:/Users/liangzhanbo/Documents/LocalRepository/com/fasterxml/jackson/core/jackson-core/2.13.3/jackson-core-2.13.3.jar:/Users/liangzhanbo/Documents/LocalRepository/com/fasterxml/jackson/datatype/jackson-datatype-jdk8/2.13.3/jackson-datatype-jdk8-2.13.3.jar:/Users/liangzhanbo/Documents/LocalRepository/com/fasterxml/jackson/datatype/jackson-datatype-jsr310/2.13.3/jackson-datatype-jsr310-2.13.3.jar:/Users/liangzhanbo/Documents/LocalRepository/com/fasterxml/jackson/module/jackson-module-parameter-names/2.13.3/jackson-module-parameter-names-2.13.3.jar:/Users/liangzhanbo/Documents/LocalRepository/org/springframework/boot/spring-boot-starter-tomcat/2.7.0/spring-boot-starter-tomcat-2.7.0.jar:/Users/liangzhanbo/Documents/LocalRepository/org/apache/tomcat/embed/tomcat-embed-core/9.0.63/tomcat-embed-core-9.0.63.jar:/Users/liangzhanbo/Documents/LocalRepository/org/apache/tomcat/embed/tomcat-embed-el/9.0.63/tomcat-embed-el-9.0.63.jar:/Users/liangzhanbo/Documents/LocalRepository/org/apache/tomcat/embed/tomcat-embed-websocket/9.0.63/tomcat-embed-websocket-9.0.63.jar:/Users/liangzhanbo/Documents/LocalRepository/org/springframework/spring-web/5.3.20/spring-web-5.3.20.jar:/Users/liangzhanbo/Documents/LocalRepository/org/springframework/spring-beans/5.3.20/spring-beans-5.3.20.jar:/Users/liangzhanbo/Documents/LocalRepository/org/springframework/spring-webmvc/5.3.20/spring-webmvc-5.3.20.jar:/Users/liangzhanbo/Documents/LocalRepository/org/springframework/spring-aop/5.3.20/spring-aop-5.3.20.jar:/Users/liangzhanbo/Documents/LocalRepository/org/springframework/spring-context/5.3.20/spring-context-5.3.20.jar:/Users/liangzhanbo/Documents/LocalRepository/org/springframework/spring-expression/5.3.20/spring-expression-5.3.20.jar:/Users/liangzhanbo/Documents/LocalRepository/mysql/mysql-connector-java/8.0.29/mysql-connector-java-8.0.29.jar:/Users/liangzhanbo/Documents/LocalRepository/org/projectlombok/lombok/1.18.24/lombok-1.18.24.jar:/Users/liangzhanbo/Documents/LocalRepository/org/springframework/boot/spring-boot-starter-test/2.7.0/spring-boot-starter-test-2.7.0.jar:/Users/liangzhanbo/Documents/LocalRepository/org/springframework/boot/spring-boot-test/2.7.0/spring-boot-test-2.7.0.jar:/Users/liangzhanbo/Documents/LocalRepository/org/springframework/boot/spring-boot-test-autoconfigure/2.7.0/spring-boot-test-autoconfigure-2.7.0.jar:/Users/liangzhanbo/Documents/LocalRepository/com/jayway/jsonpath/json-path/2.7.0/json-path-2.7.0.jar:/Users/liangzhanbo/Documents/LocalRepository/net/minidev/json-smart/2.4.8/json-smart-2.4.8.jar:/Users/liangzhanbo/Documents/LocalRepository/net/minidev/accessors-smart/2.4.8/accessors-smart-2.4.8.jar:/Users/liangzhanbo/Documents/LocalRepository/org/ow2/asm/asm/9.1/asm-9.1.jar:/Users/liangzhanbo/Documents/LocalRepository/org/slf4j/slf4j-api/1.7.36/slf4j-api-1.7.36.jar:/Users/liangzhanbo/Documents/LocalRepository/jakarta/xml/bind/jakarta.xml.bind-api/2.3.3/jakarta.xml.bind-api-2.3.3.jar:/Users/liangzhanbo/Documents/LocalRepository/jakarta/activation/jakarta.activation-api/1.2.2/jakarta.activation-api-1.2.2.jar:/Users/liangzhanbo/Documents/LocalRepository/org/assertj/assertj-core/3.22.0/assertj-core-3.22.0.jar:/Users/liangzhanbo/Documents/LocalRepository/org/hamcrest/hamcrest/2.2/hamcrest-2.2.jar:/Users/liangzhanbo/Documents/LocalRepository/org/junit/jupiter/junit-jupiter/5.8.2/junit-jupiter-5.8.2.jar:/Users/liangzhanbo/Documents/LocalRepository/org/junit/jupiter/junit-jupiter-api/5.8.2/junit-jupiter-api-5.8.2.jar:/Users/liangzhanbo/Documents/LocalRepository/org/opentest4j/opentest4j/1.2.0/opentest4j-1.2.0.jar:/Users/liangzhanbo/Documents/LocalRepository/org/junit/platform/junit-platform-commons/1.8.2/junit-platform-commons-1.8.2.jar:/Users/liangzhanbo/Documents/LocalRepository/org/apiguardian/apiguardian-api/1.1.2/apiguardian-api-1.1.2.jar:/Users/liangzhanbo/Documents/LocalRepository/org/junit/jupiter/junit-jupiter-params/5.8.2/junit-jupiter-params-5.8.2.jar:/Users/liangzhanbo/Documents/LocalRepository/org/junit/jupiter/junit-jupiter-engine/5.8.2/junit-jupiter-engine-5.8.2.jar:/Users/liangzhanbo/Documents/LocalRepository/org/junit/platform/junit-platform-engine/1.8.2/junit-platform-engine-1.8.2.jar:/Users/liangzhanbo/Documents/LocalRepository/org/mockito/mockito-core/4.5.1/mockito-core-4.5.1.jar:/Users/liangzhanbo/Documents/LocalRepository/net/bytebuddy/byte-buddy/1.12.10/byte-buddy-1.12.10.jar:/Users/liangzhanbo/Documents/LocalRepository/net/bytebuddy/byte-buddy-agent/1.12.10/byte-buddy-agent-1.12.10.jar:/Users/liangzhanbo/Documents/LocalRepository/org/objenesis/objenesis/3.2/objenesis-3.2.jar:/Users/liangzhanbo/Documents/LocalRepository/org/mockito/mockito-junit-jupiter/4.5.1/mockito-junit-jupiter-4.5.1.jar:/Users/liangzhanbo/Documents/LocalRepository/org/skyscreamer/jsonassert/1.5.0/jsonassert-1.5.0.jar:/Users/liangzhanbo/Documents/LocalRepository/com/vaadin/external/google/android-json/0.0.20131108.vaadin1/android-json-0.0.20131108.vaadin1.jar:/Users/liangzhanbo/Documents/LocalRepository/org/springframework/spring-core/5.3.20/spring-core-5.3.20.jar:/Users/liangzhanbo/Documents/LocalRepository/org/springframework/spring-jcl/5.3.20/spring-jcl-5.3.20.jar:/Users/liangzhanbo/Documents/LocalRepository/org/springframework/spring-test/5.3.20/spring-test-5.3.20.jar:/Users/liangzhanbo/Documents/LocalRepository/org/xmlunit/xmlunit-core/2.9.0/xmlunit-core-2.9.0.jar:/Users/liangzhanbo/Documents/LocalRepository/com/baomidou/mybatis-plus-boot-starter/3.5.3/mybatis-plus-boot-starter-3.5.3.jar:/Users/liangzhanbo/Documents/LocalRepository/com/baomidou/mybatis-plus/3.5.3/mybatis-plus-3.5.3.jar:/Users/liangzhanbo/Documents/LocalRepository/com/baomidou/mybatis-plus-extension/3.5.3/mybatis-plus-extension-3.5.3.jar:/Users/liangzhanbo/Documents/LocalRepository/com/baomidou/mybatis-plus-core/3.5.3/mybatis-plus-core-3.5.3.jar:/Users/liangzhanbo/Documents/LocalRepository/com/baomidou/mybatis-plus-annotation/3.5.3/mybatis-plus-annotation-3.5.3.jar:/Users/liangzhanbo/Documents/LocalRepository/com/github/jsqlparser/jsqlparser/4.4/jsqlparser-4.4.jar:/Users/liangzhanbo/Documents/LocalRepository/org/mybatis/mybatis/3.5.10/mybatis-3.5.10.jar:/Users/liangzhanbo/Documents/LocalRepository/org/mybatis/mybatis-spring/2.0.7/mybatis-spring-2.0.7.jar:/Users/liangzhanbo/Documents/LocalRepository/org/springframework/boot/spring-boot-autoconfigure/2.7.0/spring-boot-autoconfigure-2.7.0.jar:/Users/liangzhanbo/Documents/LocalRepository/org/springframework/boot/spring-boot-starter-jdbc/2.7.0/spring-boot-starter-jdbc-2.7.0.jar:/Users/liangzhanbo/Documents/LocalRepository/com/zaxxer/HikariCP/4.0.3/HikariCP-4.0.3.jar:/Users/liangzhanbo/Documents/LocalRepository/org/springframework/spring-jdbc/5.3.20/spring-jdbc-5.3.20.jar:/Users/liangzhanbo/Documents/LocalRepository/org/springframework/spring-tx/5.3.20/spring-tx-5.3.20.jar:"/>
    <property name="https.proxyPort" value="7890"/>
    <property name="java.vm.vendor" value="Oracle Corporation"/>
    <property name="sun.arch.data.model" value="64"/>
    <property name="java.vendor.url" value="https://java.oracle.com/"/>
    <property name="os.name" value="Mac OS X"/>
    <property name="java.vm.specification.version" value="20"/>
    <property name="sun.java.launcher" value="SUN_STANDARD"/>
    <property name="user.country" value="CN"/>
    <property name="sun.boot.library.path" value="/Users/liangzhanbo/Library/Java/JavaVirtualMachines/openjdk-20.0.1/Contents/Home/lib"/>
    <property name="sun.java.command" value="/Users/liangzhanbo/Desktop/JohnLyon/johnlyon-server/blog/target/surefire/surefirebooter18337381419664735969.jar /Users/liangzhanbo/Desktop/JohnLyon/johnlyon-server/blog/target/surefire 2024-01-07T20-46-04_389-jvmRun1 surefire18361674068749977091tmp surefire_011039386862036209598tmp"/>
    <property name="http.nonProxyHosts" value="192.168.0.0/16|*.192.168.0.0/16|10.0.0.0/8|*.10.0.0.0/8|172.16.0.0/12|*.172.16.0.0/12|127.0.0.1|localhost|*.localhost|local|*.local|timestamp.apple.com|*.timestamp.apple.com|sequoia.apple.com|*.sequoia.apple.com|seed-sequoia.siri.apple.com|*.seed-sequoia.siri.apple.com"/>
    <property name="jdk.debug" value="release"/>
    <property name="surefire.test.class.path" value="/Users/liangzhanbo/Desktop/JohnLyon/johnlyon-server/blog/target/test-classes:/Users/liangzhanbo/Desktop/JohnLyon/johnlyon-server/blog/target/classes:/Users/liangzhanbo/Documents/LocalRepository/org/springframework/boot/spring-boot-starter-web/2.7.0/spring-boot-starter-web-2.7.0.jar:/Users/liangzhanbo/Documents/LocalRepository/org/springframework/boot/spring-boot-starter/2.7.0/spring-boot-starter-2.7.0.jar:/Users/liangzhanbo/Documents/LocalRepository/org/springframework/boot/spring-boot/2.7.0/spring-boot-2.7.0.jar:/Users/liangzhanbo/Documents/LocalRepository/org/springframework/boot/spring-boot-starter-logging/2.7.0/spring-boot-starter-logging-2.7.0.jar:/Users/liangzhanbo/Documents/LocalRepository/ch/qos/logback/logback-classic/1.2.11/logback-classic-1.2.11.jar:/Users/liangzhanbo/Documents/LocalRepository/ch/qos/logback/logback-core/1.2.11/logback-core-1.2.11.jar:/Users/liangzhanbo/Documents/LocalRepository/org/apache/logging/log4j/log4j-to-slf4j/2.17.2/log4j-to-slf4j-2.17.2.jar:/Users/liangzhanbo/Documents/LocalRepository/org/apache/logging/log4j/log4j-api/2.17.2/log4j-api-2.17.2.jar:/Users/liangzhanbo/Documents/LocalRepository/org/slf4j/jul-to-slf4j/1.7.36/jul-to-slf4j-1.7.36.jar:/Users/liangzhanbo/Documents/LocalRepository/jakarta/annotation/jakarta.annotation-api/1.3.5/jakarta.annotation-api-1.3.5.jar:/Users/liangzhanbo/Documents/LocalRepository/org/yaml/snakeyaml/1.30/snakeyaml-1.30.jar:/Users/liangzhanbo/Documents/LocalRepository/org/springframework/boot/spring-boot-starter-json/2.7.0/spring-boot-starter-json-2.7.0.jar:/Users/liangzhanbo/Documents/LocalRepository/com/fasterxml/jackson/core/jackson-databind/2.13.3/jackson-databind-2.13.3.jar:/Users/liangzhanbo/Documents/LocalRepository/com/fasterxml/jackson/core/jackson-annotations/2.13.3/jackson-annotations-2.13.3.jar:/Users/liangzhanbo/Documents/LocalRepository/com/fasterxml/jackson/core/jackson-core/2.13.3/jackson-core-2.13.3.jar:/Users/liangzhanbo/Documents/LocalRepository/com/fasterxml/jackson/datatype/jackson-datatype-jdk8/2.13.3/jackson-datatype-jdk8-2.13.3.jar:/Users/liangzhanbo/Documents/LocalRepository/com/fasterxml/jackson/datatype/jackson-datatype-jsr310/2.13.3/jackson-datatype-jsr310-2.13.3.jar:/Users/liangzhanbo/Documents/LocalRepository/com/fasterxml/jackson/module/jackson-module-parameter-names/2.13.3/jackson-module-parameter-names-2.13.3.jar:/Users/liangzhanbo/Documents/LocalRepository/org/springframework/boot/spring-boot-starter-tomcat/2.7.0/spring-boot-starter-tomcat-2.7.0.jar:/Users/liangzhanbo/Documents/LocalRepository/org/apache/tomcat/embed/tomcat-embed-core/9.0.63/tomcat-embed-core-9.0.63.jar:/Users/liangzhanbo/Documents/LocalRepository/org/apache/tomcat/embed/tomcat-embed-el/9.0.63/tomcat-embed-el-9.0.63.jar:/Users/liangzhanbo/Documents/LocalRepository/org/apache/tomcat/embed/tomcat-embed-websocket/9.0.63/tomcat-embed-websocket-9.0.63.jar:/Users/liangzhanbo/Documents/LocalRepository/org/springframework/spring-web/5.3.20/spring-web-5.3.20.jar:/Users/liangzhanbo/Documents/LocalRepository/org/springframework/spring-beans/5.3.20/spring-beans-5.3.20.jar:/Users/liangzhanbo/Documents/LocalRepository/org/springframework/spring-webmvc/5.3.20/spring-webmvc-5.3.20.jar:/Users/liangzhanbo/Documents/LocalRepository/org/springframework/spring-aop/5.3.20/spring-aop-5.3.20.jar:/Users/liangzhanbo/Documents/LocalRepository/org/springframework/spring-context/5.3.20/spring-context-5.3.20.jar:/Users/liangzhanbo/Documents/LocalRepository/org/springframework/spring-expression/5.3.20/spring-expression-5.3.20.jar:/Users/liangzhanbo/Documents/LocalRepository/mysql/mysql-connector-java/8.0.29/mysql-connector-java-8.0.29.jar:/Users/liangzhanbo/Documents/LocalRepository/org/projectlombok/lombok/1.18.24/lombok-1.18.24.jar:/Users/liangzhanbo/Documents/LocalRepository/org/springframework/boot/spring-boot-starter-test/2.7.0/spring-boot-starter-test-2.7.0.jar:/Users/liangzhanbo/Documents/LocalRepository/org/springframework/boot/spring-boot-test/2.7.0/spring-boot-test-2.7.0.jar:/Users/liangzhanbo/Documents/LocalRepository/org/springframework/boot/spring-boot-test-autoconfigure/2.7.0/spring-boot-test-autoconfigure-2.7.0.jar:/Users/liangzhanbo/Documents/LocalRepository/com/jayway/jsonpath/json-path/2.7.0/json-path-2.7.0.jar:/Users/liangzhanbo/Documents/LocalRepository/net/minidev/json-smart/2.4.8/json-smart-2.4.8.jar:/Users/liangzhanbo/Documents/LocalRepository/net/minidev/accessors-smart/2.4.8/accessors-smart-2.4.8.jar:/Users/liangzhanbo/Documents/LocalRepository/org/ow2/asm/asm/9.1/asm-9.1.jar:/Users/liangzhanbo/Documents/LocalRepository/org/slf4j/slf4j-api/1.7.36/slf4j-api-1.7.36.jar:/Users/liangzhanbo/Documents/LocalRepository/jakarta/xml/bind/jakarta.xml.bind-api/2.3.3/jakarta.xml.bind-api-2.3.3.jar:/Users/liangzhanbo/Documents/LocalRepository/jakarta/activation/jakarta.activation-api/1.2.2/jakarta.activation-api-1.2.2.jar:/Users/liangzhanbo/Documents/LocalRepository/org/assertj/assertj-core/3.22.0/assertj-core-3.22.0.jar:/Users/liangzhanbo/Documents/LocalRepository/org/hamcrest/hamcrest/2.2/hamcrest-2.2.jar:/Users/liangzhanbo/Documents/LocalRepository/org/junit/jupiter/junit-jupiter/5.8.2/junit-jupiter-5.8.2.jar:/Users/liangzhanbo/Documents/LocalRepository/org/junit/jupiter/junit-jupiter-api/5.8.2/junit-jupiter-api-5.8.2.jar:/Users/liangzhanbo/Documents/LocalRepository/org/opentest4j/opentest4j/1.2.0/opentest4j-1.2.0.jar:/Users/liangzhanbo/Documents/LocalRepository/org/junit/platform/junit-platform-commons/1.8.2/junit-platform-commons-1.8.2.jar:/Users/liangzhanbo/Documents/LocalRepository/org/apiguardian/apiguardian-api/1.1.2/apiguardian-api-1.1.2.jar:/Users/liangzhanbo/Documents/LocalRepository/org/junit/jupiter/junit-jupiter-params/5.8.2/junit-jupiter-params-5.8.2.jar:/Users/liangzhanbo/Documents/LocalRepository/org/junit/jupiter/junit-jupiter-engine/5.8.2/junit-jupiter-engine-5.8.2.jar:/Users/liangzhanbo/Documents/LocalRepository/org/junit/platform/junit-platform-engine/1.8.2/junit-platform-engine-1.8.2.jar:/Users/liangzhanbo/Documents/LocalRepository/org/mockito/mockito-core/4.5.1/mockito-core-4.5.1.jar:/Users/liangzhanbo/Documents/LocalRepository/net/bytebuddy/byte-buddy/1.12.10/byte-buddy-1.12.10.jar:/Users/liangzhanbo/Documents/LocalRepository/net/bytebuddy/byte-buddy-agent/1.12.10/byte-buddy-agent-1.12.10.jar:/Users/liangzhanbo/Documents/LocalRepository/org/objenesis/objenesis/3.2/objenesis-3.2.jar:/Users/liangzhanbo/Documents/LocalRepository/org/mockito/mockito-junit-jupiter/4.5.1/mockito-junit-jupiter-4.5.1.jar:/Users/liangzhanbo/Documents/LocalRepository/org/skyscreamer/jsonassert/1.5.0/jsonassert-1.5.0.jar:/Users/liangzhanbo/Documents/LocalRepository/com/vaadin/external/google/android-json/0.0.20131108.vaadin1/android-json-0.0.20131108.vaadin1.jar:/Users/liangzhanbo/Documents/LocalRepository/org/springframework/spring-core/5.3.20/spring-core-5.3.20.jar:/Users/liangzhanbo/Documents/LocalRepository/org/springframework/spring-jcl/5.3.20/spring-jcl-5.3.20.jar:/Users/liangzhanbo/Documents/LocalRepository/org/springframework/spring-test/5.3.20/spring-test-5.3.20.jar:/Users/liangzhanbo/Documents/LocalRepository/org/xmlunit/xmlunit-core/2.9.0/xmlunit-core-2.9.0.jar:/Users/liangzhanbo/Documents/LocalRepository/com/baomidou/mybatis-plus-boot-starter/3.5.3/mybatis-plus-boot-starter-3.5.3.jar:/Users/liangzhanbo/Documents/LocalRepository/com/baomidou/mybatis-plus/3.5.3/mybatis-plus-3.5.3.jar:/Users/liangzhanbo/Documents/LocalRepository/com/baomidou/mybatis-plus-extension/3.5.3/mybatis-plus-extension-3.5.3.jar:/Users/liangzhanbo/Documents/LocalRepository/com/baomidou/mybatis-plus-core/3.5.3/mybatis-plus-core-3.5.3.jar:/Users/liangzhanbo/Documents/LocalRepository/com/baomidou/mybatis-plus-annotation/3.5.3/mybatis-plus-annotation-3.5.3.jar:/Users/liangzhanbo/Documents/LocalRepository/com/github/jsqlparser/jsqlparser/4.4/jsqlparser-4.4.jar:/Users/liangzhanbo/Documents/LocalRepository/org/mybatis/mybatis/3.5.10/mybatis-3.5.10.jar:/Users/liangzhanbo/Documents/LocalRepository/org/mybatis/mybatis-spring/2.0.7/mybatis-spring-2.0.7.jar:/Users/liangzhanbo/Documents/LocalRepository/org/springframework/boot/spring-boot-autoconfigure/2.7.0/spring-boot-autoconfigure-2.7.0.jar:/Users/liangzhanbo/Documents/LocalRepository/org/springframework/boot/spring-boot-starter-jdbc/2.7.0/spring-boot-starter-jdbc-2.7.0.jar:/Users/liangzhanbo/Documents/LocalRepository/com/zaxxer/HikariCP/4.0.3/HikariCP-4.0.3.jar:/Users/liangzhanbo/Documents/LocalRepository/org/springframework/spring-jdbc/5.3.20/spring-jdbc-5.3.20.jar:/Users/liangzhanbo/Documents/LocalRepository/org/springframework/spring-tx/5.3.20/spring-tx-5.3.20.jar:"/>
    <property name="sun.cpu.endian" value="little"/>
    <property name="user.home" value="/Users/liangzhanbo"/>
    <property name="user.language" value="zh"/>
    <property name="java.specification.vendor" value="Oracle Corporation"/>
    <property name="java.version.date" value="2023-04-18"/>
    <property name="java.home" value="/Users/liangzhanbo/Library/Java/JavaVirtualMachines/openjdk-20.0.1/Contents/Home"/>
    <property name="file.separator" value="/"/>
    <property name="https.proxyHost" value="127.0.0.1"/>
    <property name="basedir" value="/Users/liangzhanbo/Desktop/JohnLyon/johnlyon-server/blog"/>
    <property name="java.vm.compressedOopsMode" value="Zero based"/>
    <property name="line.separator" value="&#10;"/>
    <property name="java.vm.specification.vendor" value="Oracle Corporation"/>
    <property name="java.specification.name" value="Java Platform API Specification"/>
    <property name="apple.awt.application.name" value="ForkedBooter"/>
    <property name="surefire.real.class.path" value="/Users/liangzhanbo/Desktop/JohnLyon/johnlyon-server/blog/target/surefire/surefirebooter18337381419664735969.jar"/>
    <property name="user.script" value="Hans"/>
    <property name="sun.management.compiler" value="HotSpot 64-Bit Tiered Compilers"/>
    <property name="ftp.nonProxyHosts" value="192.168.0.0/16|*.192.168.0.0/16|10.0.0.0/8|*.10.0.0.0/8|172.16.0.0/12|*.172.16.0.0/12|127.0.0.1|localhost|*.localhost|local|*.local|timestamp.apple.com|*.timestamp.apple.com|sequoia.apple.com|*.sequoia.apple.com|seed-sequoia.siri.apple.com|*.seed-sequoia.siri.apple.com"/>
    <property name="java.runtime.version" value="20.0.1+9-29"/>
    <property name="user.name" value="liangzhanbo"/>
    <property name="stdout.encoding" value="UTF-8"/>
    <property name="path.separator" value=":"/>
    <property name="os.version" value="14.2.1"/>
    <property name="java.runtime.name" value="OpenJDK Runtime Environment"/>
    <property name="file.encoding" value="UTF-8"/>
    <property name="java.vm.name" value="OpenJDK 64-Bit Server VM"/>
    <property name="localRepository" value="/Users/liangzhanbo/Documents/LocalRepository"/>
    <property name="java.vendor.url.bug" value="https://bugreport.java.com/bugreport/"/>
    <property name="java.io.tmpdir" value="/var/folders/01/w73ywyvj5r79_jp3y_q498hw0000gn/T/"/>
    <property name="idea.version" value="2023.3.2"/>
    <property name="java.version" value="20.0.1"/>
    <property name="user.dir" value="/Users/liangzhanbo/Desktop/JohnLyon/johnlyon-server/blog"/>
    <property name="os.arch" value="x86_64"/>
    <property name="socksProxyPort" value="7890"/>
    <property name="java.vm.specification.name" value="Java Virtual Machine Specification"/>
    <property name="native.encoding" value="UTF-8"/>
    <property name="java.library.path" value="/Users/liangzhanbo/Library/Java/Extensions:/Library/Java/Extensions:/Network/Library/Java/Extensions:/System/Library/Java/Extensions:/usr/lib/java:."/>
    <property name="java.vm.info" value="mixed mode, sharing"/>
    <property name="stderr.encoding" value="UTF-8"/>
    <property name="java.vendor" value="Oracle Corporation"/>
    <property name="java.vm.version" value="20.0.1+9-29"/>
    <property name="sun.io.unicode.encoding" value="UnicodeBig"/>
    <property name="maven.repo.local" value="/Users/liangzhanbo/Documents/LocalRepository"/>
    <property name="socksNonProxyHosts" value="192.168.0.0/16|*.192.168.0.0/16|10.0.0.0/8|*.10.0.0.0/8|172.16.0.0/12|*.172.16.0.0/12|127.0.0.1|localhost|*.localhost|local|*.local|timestamp.apple.com|*.timestamp.apple.com|sequoia.apple.com|*.sequoia.apple.com|seed-sequoia.siri.apple.com|*.seed-sequoia.siri.apple.com"/>
    <property name="java.class.version" value="64.0"/>
    <property name="http.proxyPort" value="7890"/>
  </properties>
  <testcase name="contextLoads" classname="com.johnlyon.blog.JohnlyonblogApplicationTests" time="0.48"/>
</testsuite>